<?xml version="1.0" encoding="UTF-8"?>
<!-- Generated by org.testng.reporters.JUnitXMLReporter -->
<testsuite hostname="hp" ignored="0" name="Rest Assured API Test Cases" tests="4" failures="0" timestamp="18 Dec 2019 16:32:11 GMT" time="8.884" errors="0">
  <testcase name="get_Weather_deatils" time="6.507" classname="com.Rest_Assured.Automation.Test_Cases.TC001_Get_Request_Weather"/>
  <testcase name="Register_Cosumer" time="2.263" classname="com.Rest_Assured.Automation.Test_Cases.TC002_Post_Request_Register"/>
  <testcase name="getting_store_details" time="0.001" classname="com.Rest_Assured.Automation.Test_Cases.TC003_Get_Details_Google_Map"/>
  <testcase name="getting_store_details" time="0.001" classname="com.Rest_Assured.Automation.Test_Cases.TC004_Get_Details_Stores"/>
</testsuite> <!-- Rest Assured API Test Cases -->
