<?xml version="1.0" encoding="UTF-8"?>
<!-- Generated by org.testng.reporters.JUnitXMLReporter -->
<testsuite hostname="hp" ignored="0" name="Rest Assured API Test Cases" tests="4" failures="1" timestamp="17 Dec 2019 15:50:57 GMT" time="9.246" errors="0">
  <testcase name="get_Weather_deatils" time="4.415" classname="com.Rest_Assured.Automation.Test_Cases.TC001_Get_Request_Weather"/>
  <testcase name="Register_Cosumer" time="4.684" classname="com.Rest_Assured.Automation.Test_Cases.TC002_Post_Request_Register">
    <failure type="java.lang.AssertionError" message="expected [201] but found [200]">
      <![CDATA[java.lang.AssertionError: expected [201] but found [200]
at com.Rest_Assured.Automation.Test_Cases.TC002_Post_Request_Register.Register_Cosumer(TC002_Post_Request_Register.java:51)
... Removed 31 stack frames]]>
    </failure>
  </testcase> <!-- Register_Cosumer -->
  <testcase name="getting_store_details" time="0.017" classname="com.Rest_Assured.Automation.Test_Cases.TC003_Get_Details_Google_Map"/>
  <testcase name="getting_store_details" time="0.004" classname="com.Rest_Assured.Automation.Test_Cases.TC004_Get_Details_Stores"/>
</testsuite> <!-- Rest Assured API Test Cases -->
