<?xml version="1.0" encoding="UTF-8"?>
<!-- Generated by org.testng.reporters.JUnitXMLReporter -->
<testsuite hostname="hp" ignored="0" name="Rest Assured API Test Cases" tests="7" failures="1" timestamp="22 Dec 2019 17:54:00 GMT" time="10.519" errors="0">
  <testcase name="get_Weather_deatils" time="3.946" classname="com.Rest_Assured.Automation.Test_Cases.TC001_Get_Request_Weather"/>
  <testcase name="Register_Cosumer" time="0.861" classname="com.Rest_Assured.Automation.Test_Cases.TC002_Post_Request_Register">
    <failure type="java.lang.AssertionError" message="expected [201] but found [200]">
      <![CDATA[java.lang.AssertionError: expected [201] but found [200]
at com.Rest_Assured.Automation.Test_Cases.TC002_Post_Request_Register.Register_Cosumer(TC002_Post_Request_Register.java:51)
... Removed 31 stack frames]]>
    </failure>
  </testcase> <!-- Register_Cosumer -->
  <testcase name="getting_store_details" time="1.91" classname="com.Rest_Assured.Automation.Test_Cases.TC003_Get_Details_Google_Map_Multple_Headers"/>
  <testcase name="getting_store_details_" time="0.495" classname="com.Rest_Assured.Automation.Test_Cases.TC004_Get_Details_Stores_Single_Header"/>
  <testcase name="Getting_JSON_Response_Validating" time="0.661" classname="com.Rest_Assured.Automation.Test_Cases.TC005_Get_Validaring_JSON_Response"/>
  <testcase name="Getting_JSON_Response_Validating" time="1.772" classname="com.Rest_Assured.Automation.Test_Cases.TC006_Extracting_all_the_JSON_Response"/>
  <testcase name="Get_details_Using_AUTH" time="0.639" classname="com.Rest_Assured.Automation.Test_Cases.TC007_Get_Authontication"/>
</testsuite> <!-- Rest Assured API Test Cases -->
