<?xml version="1.0" encoding="UTF-8"?>
<testng-results skipped="0" failed="1" ignored="0" total="7" passed="6">
  <reporter-output>
  </reporter-output>
  <suite name="Rest Assured API Test Automation Test Suite" duration-ms="10519" started-at="2019-12-22T17:53:50Z" finished-at="2019-12-22T17:54:00Z">
    <groups>
    </groups>
    <test name="Rest Assured API Test Cases" duration-ms="10519" started-at="2019-12-22T17:53:50Z" finished-at="2019-12-22T17:54:00Z">
      <class name="com.Rest_Assured.Automation.Test_Cases.TC007_Get_Authontication">
        <test-method status="PASS" signature="Get_details_Using_AUTH()[pri:0, instance:com.Rest_Assured.Automation.Test_Cases.TC007_Get_Authontication@4dfa3a9d]" name="Get_details_Using_AUTH" duration-ms="639" started-at="2019-12-22T17:53:59Z" finished-at="2019-12-22T17:54:00Z">
          <reporter-output>
          </reporter-output>
        </test-method> <!-- Get_details_Using_AUTH -->
      </class> <!-- com.Rest_Assured.Automation.Test_Cases.TC007_Get_Authontication -->
      <class name="com.Rest_Assured.Automation.Test_Cases.TC006_Extracting_all_the_JSON_Response">
        <test-method status="PASS" signature="Getting_JSON_Response_Validating()[pri:0, instance:com.Rest_Assured.Automation.Test_Cases.TC006_Extracting_all_the_JSON_Response@146ba0ac]" name="Getting_JSON_Response_Validating" duration-ms="1772" started-at="2019-12-22T17:53:58Z" finished-at="2019-12-22T17:53:59Z">
          <reporter-output>
          </reporter-output>
        </test-method> <!-- Getting_JSON_Response_Validating -->
      </class> <!-- com.Rest_Assured.Automation.Test_Cases.TC006_Extracting_all_the_JSON_Response -->
      <class name="com.Rest_Assured.Automation.Test_Cases.TC003_Get_Details_Google_Map_Multple_Headers">
        <test-method status="PASS" signature="getting_store_details()[pri:0, instance:com.Rest_Assured.Automation.Test_Cases.TC003_Get_Details_Google_Map_Multple_Headers@204f30ec]" name="getting_store_details" duration-ms="1910" started-at="2019-12-22T17:53:55Z" finished-at="2019-12-22T17:53:57Z">
          <reporter-output>
          </reporter-output>
        </test-method> <!-- getting_store_details -->
      </class> <!-- com.Rest_Assured.Automation.Test_Cases.TC003_Get_Details_Google_Map_Multple_Headers -->
      <class name="com.Rest_Assured.Automation.Test_Cases.TC004_Get_Details_Stores_Single_Header">
        <test-method status="PASS" signature="getting_store_details_()[pri:0, instance:com.Rest_Assured.Automation.Test_Cases.TC004_Get_Details_Stores_Single_Header@e25b2fe]" name="getting_store_details_" duration-ms="495" started-at="2019-12-22T17:53:57Z" finished-at="2019-12-22T17:53:57Z">
          <reporter-output>
          </reporter-output>
        </test-method> <!-- getting_store_details_ -->
      </class> <!-- com.Rest_Assured.Automation.Test_Cases.TC004_Get_Details_Stores_Single_Header -->
      <class name="com.Rest_Assured.Automation.Test_Cases.TC001_Get_Request_Weather">
        <test-method status="PASS" signature="set_up()[pri:0, instance:com.Rest_Assured.Automation.Test_Cases.TC001_Get_Request_Weather@4667ae56]" name="set_up" is-config="true" duration-ms="17" started-at="2019-12-22T17:53:50Z" finished-at="2019-12-22T17:53:50Z">
          <reporter-output>
          </reporter-output>
        </test-method> <!-- set_up -->
        <test-method status="PASS" signature="set_up()[pri:0, instance:com.Rest_Assured.Automation.Test_Cases.TC002_Post_Request_Register@77cd7a0]" name="set_up" is-config="true" duration-ms="1" started-at="2019-12-22T17:53:50Z" finished-at="2019-12-22T17:53:50Z">
          <reporter-output>
          </reporter-output>
        </test-method> <!-- set_up -->
        <test-method status="PASS" signature="set_up()[pri:0, instance:com.Rest_Assured.Automation.Test_Cases.TC003_Get_Details_Google_Map_Multple_Headers@204f30ec]" name="set_up" is-config="true" duration-ms="1" started-at="2019-12-22T17:53:50Z" finished-at="2019-12-22T17:53:50Z">
          <reporter-output>
          </reporter-output>
        </test-method> <!-- set_up -->
        <test-method status="PASS" signature="set_up()[pri:0, instance:com.Rest_Assured.Automation.Test_Cases.TC004_Get_Details_Stores_Single_Header@e25b2fe]" name="set_up" is-config="true" duration-ms="1" started-at="2019-12-22T17:53:50Z" finished-at="2019-12-22T17:53:50Z">
          <reporter-output>
          </reporter-output>
        </test-method> <!-- set_up -->
        <test-method status="PASS" signature="set_up()[pri:0, instance:com.Rest_Assured.Automation.Test_Cases.TC005_Get_Validaring_JSON_Response@754ba872]" name="set_up" is-config="true" duration-ms="1" started-at="2019-12-22T17:53:50Z" finished-at="2019-12-22T17:53:50Z">
          <reporter-output>
          </reporter-output>
        </test-method> <!-- set_up -->
        <test-method status="PASS" signature="set_up()[pri:0, instance:com.Rest_Assured.Automation.Test_Cases.TC006_Extracting_all_the_JSON_Response@146ba0ac]" name="set_up" is-config="true" duration-ms="2" started-at="2019-12-22T17:53:50Z" finished-at="2019-12-22T17:53:50Z">
          <reporter-output>
          </reporter-output>
        </test-method> <!-- set_up -->
        <test-method status="PASS" signature="setup()[pri:0, instance:com.Rest_Assured.Automation.Test_Cases.TC007_Get_Authontication@4dfa3a9d]" name="setup" is-config="true" duration-ms="1" started-at="2019-12-22T17:53:50Z" finished-at="2019-12-22T17:53:50Z">
          <reporter-output>
          </reporter-output>
        </test-method> <!-- setup -->
        <test-method status="PASS" signature="teardown()[pri:0, instance:com.Rest_Assured.Automation.Test_Cases.TC007_Get_Authontication@4dfa3a9d]" name="teardown" is-config="true" duration-ms="1" started-at="2019-12-22T17:53:50Z" finished-at="2019-12-22T17:53:50Z">
          <reporter-output>
          </reporter-output>
        </test-method> <!-- teardown -->
        <test-method status="PASS" signature="get_Weather_deatils()[pri:0, instance:com.Rest_Assured.Automation.Test_Cases.TC001_Get_Request_Weather@4667ae56]" name="get_Weather_deatils" duration-ms="3946" started-at="2019-12-22T17:53:50Z" finished-at="2019-12-22T17:53:54Z">
          <reporter-output>
          </reporter-output>
        </test-method> <!-- get_Weather_deatils -->
        <test-method status="PASS" signature="tear_down()[pri:0, instance:com.Rest_Assured.Automation.Test_Cases.TC001_Get_Request_Weather@4667ae56]" name="tear_down" is-config="true" duration-ms="1" started-at="2019-12-22T17:54:00Z" finished-at="2019-12-22T17:54:00Z">
          <reporter-output>
          </reporter-output>
        </test-method> <!-- tear_down -->
        <test-method status="PASS" signature="tear_down()[pri:0, instance:com.Rest_Assured.Automation.Test_Cases.TC003_Get_Details_Google_Map_Multple_Headers@204f30ec]" name="tear_down" is-config="true" duration-ms="1" started-at="2019-12-22T17:54:00Z" finished-at="2019-12-22T17:54:00Z">
          <reporter-output>
          </reporter-output>
        </test-method> <!-- tear_down -->
        <test-method status="PASS" signature="tear_down()[pri:0, instance:com.Rest_Assured.Automation.Test_Cases.TC002_Post_Request_Register@77cd7a0]" name="tear_down" is-config="true" duration-ms="0" started-at="2019-12-22T17:54:00Z" finished-at="2019-12-22T17:54:00Z">
          <reporter-output>
          </reporter-output>
        </test-method> <!-- tear_down -->
        <test-method status="PASS" signature="tear_down()[pri:0, instance:com.Rest_Assured.Automation.Test_Cases.TC004_Get_Details_Stores_Single_Header@e25b2fe]" name="tear_down" is-config="true" duration-ms="0" started-at="2019-12-22T17:54:00Z" finished-at="2019-12-22T17:54:00Z">
          <reporter-output>
          </reporter-output>
        </test-method> <!-- tear_down -->
        <test-method status="PASS" signature="tear_down()[pri:0, instance:com.Rest_Assured.Automation.Test_Cases.TC005_Get_Validaring_JSON_Response@754ba872]" name="tear_down" is-config="true" duration-ms="1" started-at="2019-12-22T17:54:00Z" finished-at="2019-12-22T17:54:00Z">
          <reporter-output>
          </reporter-output>
        </test-method> <!-- tear_down -->
        <test-method status="PASS" signature="tear_down()[pri:0, instance:com.Rest_Assured.Automation.Test_Cases.TC006_Extracting_all_the_JSON_Response@146ba0ac]" name="tear_down" is-config="true" duration-ms="1" started-at="2019-12-22T17:54:00Z" finished-at="2019-12-22T17:54:00Z">
          <reporter-output>
          </reporter-output>
        </test-method> <!-- tear_down -->
      </class> <!-- com.Rest_Assured.Automation.Test_Cases.TC001_Get_Request_Weather -->
      <class name="com.Rest_Assured.Automation.Test_Cases.TC005_Get_Validaring_JSON_Response">
        <test-method status="PASS" signature="Getting_JSON_Response_Validating()[pri:0, instance:com.Rest_Assured.Automation.Test_Cases.TC005_Get_Validaring_JSON_Response@754ba872]" name="Getting_JSON_Response_Validating" duration-ms="661" started-at="2019-12-22T17:53:57Z" finished-at="2019-12-22T17:53:58Z">
          <reporter-output>
          </reporter-output>
        </test-method> <!-- Getting_JSON_Response_Validating -->
      </class> <!-- com.Rest_Assured.Automation.Test_Cases.TC005_Get_Validaring_JSON_Response -->
      <class name="com.Rest_Assured.Automation.Test_Cases.TC002_Post_Request_Register">
        <test-method status="FAIL" signature="Register_Cosumer()[pri:0, instance:com.Rest_Assured.Automation.Test_Cases.TC002_Post_Request_Register@77cd7a0]" name="Register_Cosumer" duration-ms="861" started-at="2019-12-22T17:53:54Z" finished-at="2019-12-22T17:53:55Z">
          <exception class="java.lang.AssertionError">
            <message>
              <![CDATA[expected [201] but found [200]]]>
            </message>
            <full-stacktrace>
              <![CDATA[java.lang.AssertionError: expected [201] but found [200]
at org.testng.Assert.fail(Assert.java:96)
at org.testng.Assert.failNotEquals(Assert.java:776)
at org.testng.Assert.assertEqualsImpl(Assert.java:137)
at org.testng.Assert.assertEquals(Assert.java:118)
at org.testng.Assert.assertEquals(Assert.java:652)
at org.testng.Assert.assertEquals(Assert.java:662)
at com.Rest_Assured.Automation.Test_Cases.TC002_Post_Request_Register.Register_Cosumer(TC002_Post_Request_Register.java:51)
at sun.reflect.NativeMethodAccessorImpl.invoke0(Native Method)
at sun.reflect.NativeMethodAccessorImpl.invoke(Unknown Source)
at sun.reflect.DelegatingMethodAccessorImpl.invoke(Unknown Source)
at java.lang.reflect.Method.invoke(Unknown Source)
at org.testng.internal.MethodInvocationHelper.invokeMethod(MethodInvocationHelper.java:124)
at org.testng.internal.Invoker.invokeMethod(Invoker.java:583)
at org.testng.internal.Invoker.invokeTestMethod(Invoker.java:719)
at org.testng.internal.Invoker.invokeTestMethods(Invoker.java:989)
at org.testng.internal.TestMethodWorker.invokeTestMethods(TestMethodWorker.java:125)
at org.testng.internal.TestMethodWorker.run(TestMethodWorker.java:109)
at org.testng.TestRunner.privateRun(TestRunner.java:648)
at org.testng.TestRunner.run(TestRunner.java:505)
at org.testng.SuiteRunner.runTest(SuiteRunner.java:455)
at org.testng.SuiteRunner.runSequentially(SuiteRunner.java:450)
at org.testng.SuiteRunner.privateRun(SuiteRunner.java:415)
at org.testng.SuiteRunner.run(SuiteRunner.java:364)
at org.testng.SuiteRunnerWorker.runSuite(SuiteRunnerWorker.java:52)
at org.testng.SuiteRunnerWorker.run(SuiteRunnerWorker.java:84)
at org.testng.TestNG.runSuitesSequentially(TestNG.java:1208)
at org.testng.TestNG.runSuitesLocally(TestNG.java:1137)
at org.testng.TestNG.runSuites(TestNG.java:1049)
at org.testng.TestNG.run(TestNG.java:1017)
at org.testng.remote.AbstractRemoteTestNG.run(AbstractRemoteTestNG.java:115)
at org.testng.remote.RemoteTestNG.initAndRun(RemoteTestNG.java:251)
at org.testng.remote.RemoteTestNG.main(RemoteTestNG.java:77)
]]>
            </full-stacktrace>
          </exception> <!-- java.lang.AssertionError -->
          <reporter-output>
          </reporter-output>
        </test-method> <!-- Register_Cosumer -->
      </class> <!-- com.Rest_Assured.Automation.Test_Cases.TC002_Post_Request_Register -->
    </test> <!-- Rest Assured API Test Cases -->
  </suite> <!-- Rest Assured API Test Automation Test Suite -->
</testng-results>
