<?xml version="1.0" encoding="UTF-8"?>
<testng-results skipped="0" failed="0" ignored="0" total="1" passed="1">
  <reporter-output>
  </reporter-output>
  <suite name="Default suite" duration-ms="4272" started-at="2019-12-27T19:30:11Z" finished-at="2019-12-27T19:30:16Z">
    <groups>
    </groups>
    <test name="Default test" duration-ms="4272" started-at="2019-12-27T19:30:11Z" finished-at="2019-12-27T19:30:16Z">
      <class name="com.Rest_Assured.Automation.Test_Cases.Get_Single_Employee_From_Request">
        <test-method status="PASS" signature="getlogger()[pri:0, instance:com.Rest_Assured.Automation.Test_Cases.Get_Single_Employee_From_Request@5d11346a]" name="getlogger" is-config="true" duration-ms="53" started-at="2019-12-27T19:30:11Z" finished-at="2019-12-27T19:30:11Z">
          <reporter-output>
          </reporter-output>
        </test-method> <!-- getlogger -->
        <test-method status="PASS" signature="setup()[pri:0, instance:com.Rest_Assured.Automation.Test_Cases.Get_Single_Employee_From_Request@5d11346a]" name="setup" is-config="true" duration-ms="0" started-at="2019-12-27T19:30:11Z" depends-on-methods="com.Rest_Assured_Automation.Base_Classes.Test_Base_class.getlogger" finished-at="2019-12-27T19:30:11Z">
          <reporter-output>
          </reporter-output>
        </test-method> <!-- setup -->
        <test-method status="PASS" signature="Get_single_employee_details()[pri:0, instance:com.Rest_Assured.Automation.Test_Cases.Get_Single_Employee_From_Request@5d11346a]" name="Get_single_employee_details" duration-ms="4184" started-at="2019-12-27T19:30:11Z" finished-at="2019-12-27T19:30:16Z">
          <reporter-output>
          </reporter-output>
        </test-method> <!-- Get_single_employee_details -->
        <test-method status="PASS" signature="teardown()[pri:0, instance:com.Rest_Assured.Automation.Test_Cases.Get_Single_Employee_From_Request@5d11346a]" name="teardown" is-config="true" duration-ms="0" started-at="2019-12-27T19:30:16Z" finished-at="2019-12-27T19:30:16Z">
          <reporter-output>
          </reporter-output>
        </test-method> <!-- teardown -->
      </class> <!-- com.Rest_Assured.Automation.Test_Cases.Get_Single_Employee_From_Request -->
    </test> <!-- Default test -->
  </suite> <!-- Default suite -->
</testng-results>
